  Suavizado pragma.cpp
C:\Users\gaizk\source\repos\Suavizado\Suavizado\Suavizado pragma.cpp(119,125): warning C4244: '=': conversión de 'double' a '_Tp'; posible pérdida de datos
          with
          [
              _Tp=uchar
          ]
C:\Users\gaizk\source\repos\Suavizado\Suavizado\Suavizado pragma.cpp(120,128): warning C4244: '=': conversión de 'double' a '_Tp'; posible pérdida de datos
          with
          [
              _Tp=uchar
          ]
C:\Users\gaizk\source\repos\Suavizado\Suavizado\Suavizado pragma.cpp(121,128): warning C4244: '=': conversión de 'double' a '_Tp'; posible pérdida de datos
          with
          [
              _Tp=uchar
          ]
  Generando código
  133 of 138 functions (96.4%) were compiled, the rest were copied from previous compilation.
    14 functions were new in current compilation
    1 functions had inline decision re-evaluated but remain unchanged
  Generación de código finalizada
  Suavizado.vcxproj -> C:\Users\gaizk\source\repos\Suavizado\x64\Release\Suavizado.exe
